<?xml version="1.0" encoding="UTF-8"?>
<!-- Generated by org.testng.reporters.JUnitReportReporter -->
<testsuite skipped="0" hostname="DESKTOP-TBO8PDT" name="Runners.Testrunner" tests="1" failures="0" timestamp="15 May 2018 01:37:32 GMT" time="5.439" errors="0">
  <testcase name="feature" time="5.439" classname="Runners.Testrunner"/>
</testsuite> <!-- Runners.Testrunner -->
